2025-10-30 00:00:50 [restartedMain] INFO  c.trackademy.TrackademyApplication - Starting TrackademyApplication using Java 21.0.7 with PID 13136 (C:\Users\uu\Desktop\trackademy-project\trackademy-back\target\classes started by uu in C:\Users\uu\Desktop\trackademy-project\trackademy-back)
2025-10-30 00:00:50 [restartedMain] DEBUG c.trackademy.TrackademyApplication - Running with Spring Boot v3.5.6, Spring v6.2.11
2025-10-30 00:00:50 [restartedMain] INFO  c.trackademy.TrackademyApplication - No active profile set, falling back to 1 default profile: "default"
2025-10-30 00:00:50 [restartedMain] INFO  o.s.b.d.e.DevToolsPropertyDefaultsPostProcessor - Devtools property defaults active! Set 'spring.devtools.add-properties' to 'false' to disable
2025-10-30 00:00:50 [restartedMain] INFO  o.s.b.d.e.DevToolsPropertyDefaultsPostProcessor - For additional web related logging consider setting the 'logging.level.web' property to 'DEBUG'
2025-10-30 00:00:52 [restartedMain] INFO  o.s.d.r.c.RepositoryConfigurationDelegate - Bootstrapping Spring Data JPA repositories in DEFAULT mode.
2025-10-30 00:00:52 [restartedMain] INFO  o.s.d.r.c.RepositoryConfigurationDelegate - Finished Spring Data repository scanning in 333 ms. Found 30 JPA repository interfaces.
2025-10-30 00:00:54 [restartedMain] INFO  o.s.b.w.e.tomcat.TomcatWebServer - Tomcat initialized with port 8081 (http)
2025-10-30 00:00:54 [restartedMain] INFO  o.a.coyote.http11.Http11NioProtocol - The ["http-nio-8081"] connector has been configured to support HTTP upgrade to [h2c]
2025-10-30 00:00:54 [restartedMain] INFO  o.a.coyote.http11.Http11NioProtocol - Initializing ProtocolHandler ["http-nio-8081"]
2025-10-30 00:00:54 [restartedMain] INFO  o.a.catalina.core.StandardService - Starting service [Tomcat]
2025-10-30 00:00:54 [restartedMain] INFO  o.a.catalina.core.StandardEngine - Starting Servlet engine: [Apache Tomcat/10.1.46]
2025-10-30 00:00:55 [restartedMain] INFO  o.a.c.c.C.[Tomcat].[localhost].[/] - Initializing Spring embedded WebApplicationContext
2025-10-30 00:00:55 [restartedMain] INFO  o.s.b.w.s.c.ServletWebServerApplicationContext - Root WebApplicationContext: initialization completed in 4304 ms
2025-10-30 00:00:56 [restartedMain] INFO  o.s.o.j.p.SpringPersistenceUnitInfo - No LoadTimeWeaver setup: ignoring JPA class transformer
2025-10-30 00:00:56 [restartedMain] INFO  com.zaxxer.hikari.HikariDataSource - HikariPool-1 - Starting...
2025-10-30 00:00:57 [restartedMain] INFO  com.zaxxer.hikari.pool.HikariPool - HikariPool-1 - Added connection org.postgresql.jdbc.PgConnection@28b62cee
2025-10-30 00:00:57 [restartedMain] INFO  com.zaxxer.hikari.HikariDataSource - HikariPool-1 - Start completed.
2025-10-30 00:00:57 [restartedMain] WARN  org.hibernate.orm.deprecation - HHH90000025: PostgreSQLDialect does not need to be specified explicitly using 'hibernate.dialect' (remove the property setting and it will be selected by default)
2025-10-30 00:01:16 [restartedMain] INFO  o.s.o.j.LocalContainerEntityManagerFactoryBean - Initialized JPA EntityManagerFactory for persistence unit 'default'
2025-10-30 00:01:16 [restartedMain] INFO  o.s.d.j.r.query.QueryEnhancerFactory - Hibernate is in classpath; If applicable, HQL parser will be used.
2025-10-30 00:01:19 [restartedMain] INFO  o.s.b.d.a.OptionalLiveReloadServer - LiveReload server is running on port 35729
2025-10-30 00:01:19 [restartedMain] INFO  o.a.coyote.http11.Http11NioProtocol - Starting ProtocolHandler ["http-nio-8081"]
2025-10-30 00:01:19 [restartedMain] INFO  o.s.b.w.e.tomcat.TomcatWebServer - Tomcat started on port 8081 (http) with context path '/'
2025-10-30 00:01:19 [restartedMain] INFO  c.trackademy.TrackademyApplication - Started TrackademyApplication in 30.069 seconds (process running for 31.591)
2025-10-30 00:10:07 [http-nio-8081-exec-2] INFO  o.a.coyote.http11.Http11Processor - Error parsing HTTP request header
 Note: further occurrences of HTTP request parsing errors will be logged at DEBUG level.
java.lang.IllegalArgumentException: Invalid character found in method name [0x160x030x010x070x120x010x000x070x0e0x030x03)^+0xb00x090x900x8er0xbcZ0xb70xbdc\0x15aE0xd80xc10x050x96c0x9d0x9d0xc970xe7_0x9b/v0xa8 ]. HTTP method names must be tokens
	at org.apache.coyote.http11.Http11InputBuffer.parseRequestLine(Http11InputBuffer.java:403)
	at org.apache.coyote.http11.Http11Processor.service(Http11Processor.java:271)
	at org.apache.coyote.AbstractProcessorLight.process(AbstractProcessorLight.java:63)
	at org.apache.coyote.AbstractProtocol$ConnectionHandler.process(AbstractProtocol.java:903)
	at org.apache.tomcat.util.net.NioEndpoint$SocketProcessor.doRun(NioEndpoint.java:1776)
	at org.apache.tomcat.util.net.SocketProcessorBase.run(SocketProcessorBase.java:52)
	at org.apache.tomcat.util.threads.ThreadPoolExecutor.runWorker(ThreadPoolExecutor.java:975)
	at org.apache.tomcat.util.threads.ThreadPoolExecutor$Worker.run(ThreadPoolExecutor.java:493)
	at org.apache.tomcat.util.threads.TaskThread$WrappingRunnable.run(TaskThread.java:63)
	at java.base/java.lang.Thread.run(Thread.java:1583)
2025-10-30 00:10:07 [http-nio-8081-exec-3] INFO  o.a.coyote.http11.Http11Processor - Error parsing HTTP request header
 Note: further occurrences of HTTP request parsing errors will be logged at DEBUG level.
java.lang.IllegalArgumentException: Invalid character found in method name [0x160x030x010x060xd20x010x000x060xce0x030x030xaeG0xcd0x850xe00x990xaa0x0f9+'Ru0xe00xac@0xd50xf6b50x970xf30xeb0xd70x180xba0xaa0xfb0x9a0xd00xcf0xef ]. HTTP method names must be tokens
	at org.apache.coyote.http11.Http11InputBuffer.parseRequestLine(Http11InputBuffer.java:403)
	at org.apache.coyote.http11.Http11Processor.service(Http11Processor.java:271)
	at org.apache.coyote.AbstractProcessorLight.process(AbstractProcessorLight.java:63)
	at org.apache.coyote.AbstractProtocol$ConnectionHandler.process(AbstractProtocol.java:903)
	at org.apache.tomcat.util.net.NioEndpoint$SocketProcessor.doRun(NioEndpoint.java:1776)
	at org.apache.tomcat.util.net.SocketProcessorBase.run(SocketProcessorBase.java:52)
	at org.apache.tomcat.util.threads.ThreadPoolExecutor.runWorker(ThreadPoolExecutor.java:975)
	at org.apache.tomcat.util.threads.ThreadPoolExecutor$Worker.run(ThreadPoolExecutor.java:493)
	at org.apache.tomcat.util.threads.TaskThread$WrappingRunnable.run(TaskThread.java:63)
	at java.base/java.lang.Thread.run(Thread.java:1583)
2025-10-30 00:10:07 [http-nio-8081-exec-1] INFO  o.a.coyote.http11.Http11Processor - Error parsing HTTP request header
 Note: further occurrences of HTTP request parsing errors will be logged at DEBUG level.
java.lang.IllegalArgumentException: Invalid character found in method name [0x160x030x010x070x120x010x000x070x0e0x030x030xbd0xdbA0xb50xb70xed0xb10xb00xa10x16!0xc10x060xb00x17T0xc60x17C0xa3g0x9c0xd7O0x040x190xf3sJ20x0a) ]. HTTP method names must be tokens
	at org.apache.coyote.http11.Http11InputBuffer.parseRequestLine(Http11InputBuffer.java:403)
	at org.apache.coyote.http11.Http11Processor.service(Http11Processor.java:271)
	at org.apache.coyote.AbstractProcessorLight.process(AbstractProcessorLight.java:63)
	at org.apache.coyote.AbstractProtocol$ConnectionHandler.process(AbstractProtocol.java:903)
	at org.apache.tomcat.util.net.NioEndpoint$SocketProcessor.doRun(NioEndpoint.java:1776)
	at org.apache.tomcat.util.net.SocketProcessorBase.run(SocketProcessorBase.java:52)
	at org.apache.tomcat.util.threads.ThreadPoolExecutor.runWorker(ThreadPoolExecutor.java:975)
	at org.apache.tomcat.util.threads.ThreadPoolExecutor$Worker.run(ThreadPoolExecutor.java:493)
	at org.apache.tomcat.util.threads.TaskThread$WrappingRunnable.run(TaskThread.java:63)
	at java.base/java.lang.Thread.run(Thread.java:1583)
2025-10-30 00:11:20 [http-nio-8081-exec-7] INFO  o.a.c.c.C.[Tomcat].[localhost].[/] - Initializing Spring DispatcherServlet 'dispatcherServlet'
2025-10-30 00:11:20 [http-nio-8081-exec-7] INFO  o.s.web.servlet.DispatcherServlet - Initializing Servlet 'dispatcherServlet'
2025-10-30 00:11:20 [http-nio-8081-exec-7] INFO  o.s.web.servlet.DispatcherServlet - Completed initialization in 12 ms
2025-10-30 00:11:23 [http-nio-8081-exec-1] DEBUG c.t.service.impl.CatalogServiceImpl - Listando campus para universidad 1
2025-10-30 00:11:23 [http-nio-8081-exec-10] DEBUG c.t.service.impl.CatalogServiceImpl - Listando periodos para universidad 1
2025-10-30 00:11:23 [http-nio-8081-exec-3] DEBUG c.t.service.impl.CatalogServiceImpl - Listando carreras para universidad 1
2025-10-30 00:11:25 [http-nio-8081-exec-9] DEBUG c.t.service.impl.CatalogServiceImpl - Listando cursos por carrera 1
2025-10-30 00:28:03 [HikariPool-1:housekeeper] WARN  com.zaxxer.hikari.pool.PoolBase - HikariPool-1 - Failed to validate connection org.postgresql.jdbc.PgConnection@1c6cc6b2 (This connection has been closed.). Possibly consider using a shorter maxLifetime value.
2025-10-30 00:28:18 [HikariPool-1:housekeeper] WARN  com.zaxxer.hikari.pool.PoolBase - HikariPool-1 - Failed to validate connection org.postgresql.jdbc.PgConnection@56ed3316 (This connection has been closed.). Possibly consider using a shorter maxLifetime value.
2025-10-30 00:28:40 [HikariPool-1:housekeeper] WARN  com.zaxxer.hikari.pool.PoolBase - HikariPool-1 - Failed to validate connection org.postgresql.jdbc.PgConnection@2cd2e559 (This connection has been closed.). Possibly consider using a shorter maxLifetime value.
2025-10-30 00:43:13 [http-nio-8081-exec-5] WARN  o.s.w.s.m.a.ResponseStatusExceptionResolver - Resolved [org.springframework.web.method.annotation.HandlerMethodValidationException: 400 BAD_REQUEST "Validation failure"]
2025-10-30 00:48:17 [http-nio-8081-exec-1] WARN  o.s.w.s.m.a.ResponseStatusExceptionResolver - Resolved [org.springframework.web.method.annotation.HandlerMethodValidationException: 400 BAD_REQUEST "Validation failure"]
2025-10-30 00:51:36 [http-nio-8081-exec-3] WARN  o.s.w.s.m.a.ResponseStatusExceptionResolver - Resolved [org.springframework.web.method.annotation.HandlerMethodValidationException: 400 BAD_REQUEST "Validation failure"]
2025-10-30 00:51:49 [http-nio-8081-exec-9] WARN  o.s.w.s.m.a.ResponseStatusExceptionResolver - Resolved [org.springframework.web.method.annotation.HandlerMethodValidationException: 400 BAD_REQUEST "Validation failure"]
2025-10-30 01:30:05 [http-nio-8081-exec-2] DEBUG c.t.service.impl.CatalogServiceImpl - Listando periodos para universidad 1
2025-10-30 13:42:08 [restartedMain] INFO  c.trackademy.TrackademyApplication - Starting TrackademyApplication using Java 21.0.7 with PID 22072 (C:\Users\uu\Desktop\trackademy-project\trackademy-back\target\classes started by uu in C:\Users\uu\Desktop\trackademy-project\trackademy-back)
2025-10-30 13:42:08 [restartedMain] DEBUG c.trackademy.TrackademyApplication - Running with Spring Boot v3.5.6, Spring v6.2.11
2025-10-30 13:42:08 [restartedMain] INFO  c.trackademy.TrackademyApplication - No active profile set, falling back to 1 default profile: "default"
2025-10-30 13:42:08 [restartedMain] INFO  o.s.b.d.e.DevToolsPropertyDefaultsPostProcessor - Devtools property defaults active! Set 'spring.devtools.add-properties' to 'false' to disable
2025-10-30 13:42:08 [restartedMain] INFO  o.s.b.d.e.DevToolsPropertyDefaultsPostProcessor - For additional web related logging consider setting the 'logging.level.web' property to 'DEBUG'
2025-10-30 13:42:18 [restartedMain] INFO  o.s.d.r.c.RepositoryConfigurationDelegate - Bootstrapping Spring Data JPA repositories in DEFAULT mode.
2025-10-30 13:42:21 [restartedMain] INFO  o.s.d.r.c.RepositoryConfigurationDelegate - Finished Spring Data repository scanning in 2121 ms. Found 30 JPA repository interfaces.
2025-10-30 13:42:26 [restartedMain] INFO  o.s.b.w.e.tomcat.TomcatWebServer - Tomcat initialized with port 8081 (http)
2025-10-30 13:42:27 [restartedMain] INFO  o.a.coyote.http11.Http11NioProtocol - The ["http-nio-8081"] connector has been configured to support HTTP upgrade to [h2c]
2025-10-30 13:42:27 [restartedMain] INFO  o.a.coyote.http11.Http11NioProtocol - Initializing ProtocolHandler ["http-nio-8081"]
2025-10-30 13:42:27 [restartedMain] INFO  o.a.catalina.core.StandardService - Starting service [Tomcat]
2025-10-30 13:42:27 [restartedMain] INFO  o.a.catalina.core.StandardEngine - Starting Servlet engine: [Apache Tomcat/10.1.46]
2025-10-30 13:42:27 [restartedMain] INFO  o.a.c.c.C.[Tomcat].[localhost].[/] - Initializing Spring embedded WebApplicationContext
2025-10-30 13:42:27 [restartedMain] INFO  o.s.b.w.s.c.ServletWebServerApplicationContext - Root WebApplicationContext: initialization completed in 19061 ms
2025-10-30 13:42:32 [restartedMain] INFO  o.s.o.j.p.SpringPersistenceUnitInfo - No LoadTimeWeaver setup: ignoring JPA class transformer
2025-10-30 13:42:32 [restartedMain] INFO  com.zaxxer.hikari.HikariDataSource - HikariPool-1 - Starting...
2025-10-30 13:42:34 [restartedMain] INFO  com.zaxxer.hikari.pool.HikariPool - HikariPool-1 - Added connection org.postgresql.jdbc.PgConnection@313d5b0
2025-10-30 13:42:34 [restartedMain] INFO  com.zaxxer.hikari.HikariDataSource - HikariPool-1 - Start completed.
2025-10-30 13:42:35 [restartedMain] WARN  org.hibernate.orm.deprecation - HHH90000025: PostgreSQLDialect does not need to be specified explicitly using 'hibernate.dialect' (remove the property setting and it will be selected by default)
2025-10-30 13:43:08 [restartedMain] INFO  o.s.o.j.LocalContainerEntityManagerFactoryBean - Initialized JPA EntityManagerFactory for persistence unit 'default'
2025-10-30 13:43:13 [restartedMain] INFO  o.s.d.j.r.query.QueryEnhancerFactory - Hibernate is in classpath; If applicable, HQL parser will be used.
2025-10-30 13:43:28 [restartedMain] INFO  o.s.b.d.a.OptionalLiveReloadServer - LiveReload server is running on port 35729
2025-10-30 13:43:29 [restartedMain] INFO  o.a.coyote.http11.Http11NioProtocol - Starting ProtocolHandler ["http-nio-8081"]
2025-10-30 13:43:29 [restartedMain] INFO  o.s.b.w.e.tomcat.TomcatWebServer - Tomcat started on port 8081 (http) with context path '/'
2025-10-30 13:43:29 [restartedMain] INFO  c.trackademy.TrackademyApplication - Started TrackademyApplication in 84.1 seconds (process running for 90.591)
2025-10-30 13:46:12 [http-nio-8081-exec-1] INFO  o.a.c.c.C.[Tomcat].[localhost].[/] - Initializing Spring DispatcherServlet 'dispatcherServlet'
2025-10-30 13:46:12 [http-nio-8081-exec-1] INFO  o.s.web.servlet.DispatcherServlet - Initializing Servlet 'dispatcherServlet'
2025-10-30 13:46:12 [http-nio-8081-exec-1] INFO  o.s.web.servlet.DispatcherServlet - Completed initialization in 3 ms
2025-10-30 13:55:15 [http-nio-8081-exec-3] DEBUG c.t.service.impl.CatalogServiceImpl - Listando periodos para universidad 1
2025-10-30 13:56:13 [http-nio-8081-exec-8] DEBUG c.t.service.impl.CatalogServiceImpl - Obteniendo detalle de curso 16
2025-10-30 13:56:15 [http-nio-8081-exec-1] DEBUG c.t.service.impl.CatalogServiceImpl - Obteniendo detalle de curso 16
2025-10-30 13:56:16 [http-nio-8081-exec-9] DEBUG c.t.service.impl.CatalogServiceImpl - Obteniendo detalle de curso 16
2025-10-30 13:56:18 [http-nio-8081-exec-3] DEBUG c.t.service.impl.CatalogServiceImpl - Obteniendo detalle de curso 16
2025-10-30 13:56:19 [http-nio-8081-exec-10] DEBUG c.t.service.impl.CatalogServiceImpl - Obteniendo detalle de curso 16
2025-10-30 13:56:21 [http-nio-8081-exec-4] DEBUG c.t.service.impl.CatalogServiceImpl - Obteniendo detalle de curso 16
2025-10-30 13:56:40 [http-nio-8081-exec-7] DEBUG c.t.service.impl.CatalogServiceImpl - Obteniendo detalle de curso 16
2025-10-30 14:03:33 [http-nio-8081-exec-1] DEBUG c.t.service.impl.CatalogServiceImpl - Listando periodos para universidad 1
2025-10-30 14:03:33 [http-nio-8081-exec-7] DEBUG c.t.service.impl.CatalogServiceImpl - Listando carreras para universidad 1
2025-10-30 14:03:33 [http-nio-8081-exec-9] DEBUG c.t.service.impl.CatalogServiceImpl - Listando campus para universidad 1
2025-10-30 14:03:34 [http-nio-8081-exec-3] DEBUG c.t.service.impl.CatalogServiceImpl - Listando periodos para universidad 1
2025-10-30 14:03:49 [http-nio-8081-exec-8] DEBUG c.t.service.impl.CatalogServiceImpl - Listando cursos por carrera 1
2025-10-30 14:03:50 [http-nio-8081-exec-7] DEBUG c.t.service.impl.CatalogServiceImpl - Listando cursos por carrera 1
2025-10-30 14:04:08 [http-nio-8081-exec-4] DEBUG c.t.service.impl.CatalogServiceImpl - Listando cursos por carrera 1
2025-10-30 14:04:09 [http-nio-8081-exec-6] INFO  c.t.s.impl.OnboardingServiceImpl - Onboarding para sub=RuuAwCJkBd_N4-qdmjBD9X-GlVjii5lqYiYcmgLawbk, cursos=[2, 6, 9, 16, 21]
2025-10-30 14:06:05 [http-nio-8081-exec-7] DEBUG c.t.service.impl.CatalogServiceImpl - Listando campus para universidad 1
2025-10-30 14:06:06 [http-nio-8081-exec-9] DEBUG c.t.service.impl.CatalogServiceImpl - Listando carreras para universidad 1
2025-10-30 14:06:06 [http-nio-8081-exec-2] DEBUG c.t.service.impl.CatalogServiceImpl - Listando periodos para universidad 1
2025-10-30 14:06:07 [http-nio-8081-exec-4] DEBUG c.t.service.impl.CatalogServiceImpl - Listando cursos por carrera 1
2025-10-30 14:06:22 [http-nio-8081-exec-3] DEBUG c.t.service.impl.CatalogServiceImpl - Listando periodos para universidad 1
2025-10-30 14:08:54 [http-nio-8081-exec-10] DEBUG c.t.service.impl.CatalogServiceImpl - Obteniendo detalle de curso 2
2025-10-30 14:08:56 [http-nio-8081-exec-5] DEBUG c.t.service.impl.CatalogServiceImpl - Obteniendo detalle de curso 2
2025-10-30 15:13:28 [HikariPool-1:housekeeper] WARN  com.zaxxer.hikari.pool.PoolBase - HikariPool-1 - Failed to validate connection org.postgresql.jdbc.PgConnection@382bc155 (This connection has been closed.). Possibly consider using a shorter maxLifetime value.
2025-10-30 15:14:02 [HikariPool-1:housekeeper] WARN  com.zaxxer.hikari.pool.PoolBase - HikariPool-1 - Failed to validate connection org.postgresql.jdbc.PgConnection@2e2edaed (This connection has been closed.). Possibly consider using a shorter maxLifetime value.
2025-10-30 15:14:02 [HikariPool-1:housekeeper] WARN  com.zaxxer.hikari.pool.PoolBase - HikariPool-1 - Failed to validate connection org.postgresql.jdbc.PgConnection@7eb276b6 (This connection has been closed.). Possibly consider using a shorter maxLifetime value.
2025-10-30 15:14:20 [HikariPool-1:housekeeper] WARN  com.zaxxer.hikari.pool.PoolBase - HikariPool-1 - Failed to validate connection org.postgresql.jdbc.PgConnection@6d57caf7 (This connection has been closed.). Possibly consider using a shorter maxLifetime value.
2025-10-30 15:14:27 [HikariPool-1:housekeeper] WARN  com.zaxxer.hikari.pool.PoolBase - HikariPool-1 - Failed to validate connection org.postgresql.jdbc.PgConnection@4de8eb5 (This connection has been closed.). Possibly consider using a shorter maxLifetime value.
