2025-11-15 08:55:48 [restartedMain] INFO  c.trackademy.TrackademyApplication - Starting TrackademyApplication using Java 21.0.7 with PID 14176 (C:\Users\uu\Desktop\trackademy-project\trackademy-back\target\classes started by uu in C:\Users\uu\Desktop\trackademy-project\trackademy-back)
2025-11-15 08:55:48 [restartedMain] DEBUG c.trackademy.TrackademyApplication - Running with Spring Boot v3.5.6, Spring v6.2.11
2025-11-15 08:55:48 [restartedMain] INFO  c.trackademy.TrackademyApplication - No active profile set, falling back to 1 default profile: "default"
2025-11-15 08:55:48 [restartedMain] INFO  o.s.b.d.e.DevToolsPropertyDefaultsPostProcessor - Devtools property defaults active! Set 'spring.devtools.add-properties' to 'false' to disable
2025-11-15 08:55:48 [restartedMain] INFO  o.s.b.d.e.DevToolsPropertyDefaultsPostProcessor - For additional web related logging consider setting the 'logging.level.web' property to 'DEBUG'
2025-11-15 08:55:50 [restartedMain] INFO  o.s.d.r.c.RepositoryConfigurationDelegate - Bootstrapping Spring Data JPA repositories in DEFAULT mode.
2025-11-15 08:55:51 [restartedMain] INFO  o.s.d.r.c.RepositoryConfigurationDelegate - Finished Spring Data repository scanning in 308 ms. Found 30 JPA repository interfaces.
2025-11-15 08:55:52 [restartedMain] INFO  o.s.b.w.e.tomcat.TomcatWebServer - Tomcat initialized with port 8081 (http)
2025-11-15 08:55:53 [restartedMain] INFO  o.a.coyote.http11.Http11NioProtocol - The ["http-nio-8081"] connector has been configured to support HTTP upgrade to [h2c]
2025-11-15 08:55:53 [restartedMain] INFO  o.a.coyote.http11.Http11NioProtocol - Initializing ProtocolHandler ["http-nio-8081"]
2025-11-15 08:55:53 [restartedMain] INFO  o.a.catalina.core.StandardService - Starting service [Tomcat]
2025-11-15 08:55:53 [restartedMain] INFO  o.a.catalina.core.StandardEngine - Starting Servlet engine: [Apache Tomcat/10.1.46]
2025-11-15 08:55:53 [restartedMain] INFO  o.a.c.c.C.[Tomcat].[localhost].[/] - Initializing Spring embedded WebApplicationContext
2025-11-15 08:55:53 [restartedMain] INFO  o.s.b.w.s.c.ServletWebServerApplicationContext - Root WebApplicationContext: initialization completed in 4421 ms
2025-11-15 08:55:55 [restartedMain] INFO  o.s.o.j.p.SpringPersistenceUnitInfo - No LoadTimeWeaver setup: ignoring JPA class transformer
2025-11-15 08:55:55 [restartedMain] INFO  com.zaxxer.hikari.HikariDataSource - HikariPool-1 - Starting...
2025-11-15 08:55:55 [restartedMain] INFO  com.zaxxer.hikari.pool.HikariPool - HikariPool-1 - Added connection org.postgresql.jdbc.PgConnection@d3e0fad
2025-11-15 08:55:55 [restartedMain] INFO  com.zaxxer.hikari.HikariDataSource - HikariPool-1 - Start completed.
2025-11-15 08:55:55 [restartedMain] WARN  org.hibernate.orm.deprecation - HHH90000025: PostgreSQLDialect does not need to be specified explicitly using 'hibernate.dialect' (remove the property setting and it will be selected by default)
2025-11-15 08:56:04 [restartedMain] INFO  o.s.o.j.LocalContainerEntityManagerFactoryBean - Initialized JPA EntityManagerFactory for persistence unit 'default'
2025-11-15 08:56:05 [restartedMain] INFO  o.s.d.j.r.query.QueryEnhancerFactory - Hibernate is in classpath; If applicable, HQL parser will be used.
2025-11-15 08:56:10 [restartedMain] INFO  o.s.b.d.a.OptionalLiveReloadServer - LiveReload server is running on port 35729
2025-11-15 08:56:10 [restartedMain] INFO  o.a.coyote.http11.Http11NioProtocol - Starting ProtocolHandler ["http-nio-8081"]
2025-11-15 08:56:10 [restartedMain] INFO  o.s.b.w.e.tomcat.TomcatWebServer - Tomcat started on port 8081 (http) with context path '/'
2025-11-15 08:56:10 [restartedMain] INFO  c.trackademy.TrackademyApplication - Started TrackademyApplication in 22.424 seconds (process running for 24.016)
2025-11-15 09:01:29 [http-nio-8081-exec-1] INFO  o.a.c.c.C.[Tomcat].[localhost].[/] - Initializing Spring DispatcherServlet 'dispatcherServlet'
2025-11-15 09:01:29 [http-nio-8081-exec-1] INFO  o.s.web.servlet.DispatcherServlet - Initializing Servlet 'dispatcherServlet'
2025-11-15 09:01:29 [http-nio-8081-exec-1] INFO  o.s.web.servlet.DispatcherServlet - Completed initialization in 2 ms
2025-11-15 09:04:58 [http-nio-8081-exec-4] DEBUG c.t.service.impl.CatalogServiceImpl - Listando periodos para universidad 1
2025-11-15 09:05:43 [http-nio-8081-exec-6] DEBUG c.t.service.impl.CatalogServiceImpl - Listando periodos para universidad 1
2025-11-15 09:09:24 [http-nio-8081-exec-4] DEBUG c.t.service.impl.CatalogServiceImpl - Obteniendo detalle de curso 16
2025-11-15 09:09:28 [http-nio-8081-exec-9] DEBUG c.t.service.impl.CatalogServiceImpl - Obteniendo detalle de curso 16
2025-11-15 09:09:38 [http-nio-8081-exec-10] DEBUG c.t.service.impl.CatalogServiceImpl - Obteniendo detalle de curso 16
2025-11-15 09:09:39 [http-nio-8081-exec-3] DEBUG c.t.service.impl.CatalogServiceImpl - Obteniendo detalle de curso 16
2025-11-15 09:14:50 [http-nio-8081-exec-8] DEBUG c.t.service.impl.CatalogServiceImpl - Listando periodos para universidad 1
2025-11-15 09:14:54 [http-nio-8081-exec-1] DEBUG c.t.service.impl.CatalogServiceImpl - Obteniendo detalle de curso 16
2025-11-15 09:14:57 [http-nio-8081-exec-5] DEBUG c.t.service.impl.CatalogServiceImpl - Obteniendo detalle de curso 16
2025-11-15 09:15:13 [http-nio-8081-exec-2] DEBUG c.t.service.impl.CatalogServiceImpl - Obteniendo detalle de curso 2
2025-11-15 09:15:37 [http-nio-8081-exec-6] DEBUG c.t.service.impl.CatalogServiceImpl - Obteniendo detalle de curso 6
2025-11-15 09:18:15 [http-nio-8081-exec-6] DEBUG c.t.service.impl.CatalogServiceImpl - Obteniendo detalle de curso 21
2025-11-15 09:19:06 [http-nio-8081-exec-3] DEBUG c.t.service.impl.CatalogServiceImpl - Obteniendo detalle de curso 9
2025-11-15 09:19:08 [http-nio-8081-exec-8] DEBUG c.t.service.impl.CatalogServiceImpl - Obteniendo detalle de curso 2
2025-11-15 09:19:10 [http-nio-8081-exec-10] DEBUG c.t.service.impl.CatalogServiceImpl - Obteniendo detalle de curso 9
2025-11-15 09:19:40 [http-nio-8081-exec-9] DEBUG c.t.service.impl.CatalogServiceImpl - Listando periodos para universidad 1
2025-11-15 09:23:23 [http-nio-8081-exec-8] DEBUG c.t.service.impl.CatalogServiceImpl - Obteniendo detalle de curso 6
2025-11-15 09:23:23 [http-nio-8081-exec-8] DEBUG c.t.service.impl.CatalogServiceImpl - Obteniendo detalle de curso 6
2025-11-15 09:34:08 [http-nio-8081-exec-4] DEBUG c.t.service.impl.CatalogServiceImpl - Obteniendo detalle de curso 6
2025-11-15 09:35:54 [http-nio-8081-exec-2] DEBUG c.t.service.impl.CatalogServiceImpl - Obteniendo detalle de curso 6
2025-11-15 09:38:12 [http-nio-8081-exec-4] DEBUG c.t.service.impl.CatalogServiceImpl - Obteniendo detalle de curso 6
2025-11-15 09:43:42 [http-nio-8081-exec-3] DEBUG c.t.service.impl.CatalogServiceImpl - Obteniendo detalle de curso 6
2025-11-15 09:45:41 [http-nio-8081-exec-6] DEBUG c.t.service.impl.CatalogServiceImpl - Obteniendo detalle de curso 6
2025-11-15 09:47:59 [http-nio-8081-exec-7] DEBUG c.t.service.impl.CatalogServiceImpl - Obteniendo detalle de curso 6
2025-11-15 09:48:38 [http-nio-8081-exec-5] DEBUG c.t.service.impl.CatalogServiceImpl - Obteniendo detalle de curso 6
2025-11-15 09:51:45 [http-nio-8081-exec-8] DEBUG c.t.service.impl.CatalogServiceImpl - Obteniendo detalle de curso 6
2025-11-15 09:55:42 [http-nio-8081-exec-6] DEBUG c.t.service.impl.CatalogServiceImpl - Obteniendo detalle de curso 6
2025-11-15 09:56:56 [http-nio-8081-exec-8] DEBUG c.t.service.impl.CatalogServiceImpl - Obteniendo detalle de curso 6
2025-11-15 09:58:08 [http-nio-8081-exec-9] DEBUG c.t.service.impl.CatalogServiceImpl - Obteniendo detalle de curso 6
2025-11-15 10:00:17 [http-nio-8081-exec-8] DEBUG c.t.service.impl.CatalogServiceImpl - Obteniendo detalle de curso 6
2025-11-15 10:04:57 [http-nio-8081-exec-3] DEBUG c.t.service.impl.CatalogServiceImpl - Obteniendo detalle de curso 6
2025-11-15 10:19:13 [http-nio-8081-exec-6] DEBUG c.t.service.impl.CatalogServiceImpl - Listando periodos para universidad 1
2025-11-15 10:19:17 [http-nio-8081-exec-1] DEBUG c.t.service.impl.CatalogServiceImpl - Obteniendo detalle de curso 6
2025-11-15 10:19:17 [http-nio-8081-exec-2] DEBUG c.t.service.impl.CatalogServiceImpl - Obteniendo detalle de curso 6
2025-11-15 10:19:58 [http-nio-8081-exec-2] DEBUG c.t.service.impl.CatalogServiceImpl - Obteniendo detalle de curso 6
2025-11-15 10:20:08 [http-nio-8081-exec-8] DEBUG c.t.service.impl.CatalogServiceImpl - Obteniendo detalle de curso 6
2025-11-15 10:20:14 [http-nio-8081-exec-2] DEBUG c.t.service.impl.CatalogServiceImpl - Obteniendo detalle de curso 6
2025-11-15 10:20:17 [http-nio-8081-exec-6] DEBUG c.t.service.impl.CatalogServiceImpl - Obteniendo detalle de curso 6
2025-11-15 10:20:30 [http-nio-8081-exec-4] DEBUG c.t.service.impl.CatalogServiceImpl - Obteniendo detalle de curso 6
2025-11-15 10:20:34 [http-nio-8081-exec-1] DEBUG c.t.service.impl.CatalogServiceImpl - Obteniendo detalle de curso 6
2025-11-15 10:20:35 [http-nio-8081-exec-2] DEBUG c.t.service.impl.CatalogServiceImpl - Obteniendo detalle de curso 6
2025-11-15 10:21:17 [http-nio-8081-exec-2] DEBUG c.t.service.impl.CatalogServiceImpl - Obteniendo detalle de curso 6
2025-11-15 10:21:19 [http-nio-8081-exec-3] DEBUG c.t.service.impl.CatalogServiceImpl - Obteniendo detalle de curso 6
2025-11-15 10:21:24 [http-nio-8081-exec-3] DEBUG c.t.service.impl.CatalogServiceImpl - Obteniendo detalle de curso 6
2025-11-15 10:21:33 [http-nio-8081-exec-3] DEBUG c.t.service.impl.CatalogServiceImpl - Obteniendo detalle de curso 6
2025-11-15 10:21:41 [http-nio-8081-exec-10] DEBUG c.t.service.impl.CatalogServiceImpl - Obteniendo detalle de curso 6
2025-11-15 10:21:44 [http-nio-8081-exec-7] DEBUG c.t.service.impl.CatalogServiceImpl - Obteniendo detalle de curso 6
2025-11-15 10:21:46 [http-nio-8081-exec-7] DEBUG c.t.service.impl.CatalogServiceImpl - Obteniendo detalle de curso 6
2025-11-15 10:22:18 [http-nio-8081-exec-1] DEBUG c.t.service.impl.CatalogServiceImpl - Listando periodos para universidad 1
2025-11-15 10:24:37 [http-nio-8081-exec-9] DEBUG c.t.service.impl.CatalogServiceImpl - Obteniendo detalle de curso 6
2025-11-15 10:24:37 [http-nio-8081-exec-7] DEBUG c.t.service.impl.CatalogServiceImpl - Obteniendo detalle de curso 6
2025-11-15 10:26:41 [http-nio-8081-exec-10] DEBUG c.t.service.impl.CatalogServiceImpl - Obteniendo detalle de curso 6
2025-11-15 10:27:12 [http-nio-8081-exec-8] DEBUG c.t.service.impl.CatalogServiceImpl - Obteniendo detalle de curso 6
2025-11-15 10:31:30 [http-nio-8081-exec-8] DEBUG c.t.service.impl.CatalogServiceImpl - Listando periodos para universidad 1
2025-11-15 10:31:37 [http-nio-8081-exec-9] DEBUG c.t.service.impl.CatalogServiceImpl - Obteniendo detalle de curso 6
2025-11-15 10:31:37 [http-nio-8081-exec-7] DEBUG c.t.service.impl.CatalogServiceImpl - Obteniendo detalle de curso 6
2025-11-15 10:31:45 [http-nio-8081-exec-2] DEBUG c.t.service.impl.CatalogServiceImpl - Listando periodos para universidad 1
2025-11-15 10:33:22 [http-nio-8081-exec-7] DEBUG c.t.service.impl.CatalogServiceImpl - Obteniendo detalle de curso 16
2025-11-15 10:33:22 [http-nio-8081-exec-4] DEBUG c.t.service.impl.CatalogServiceImpl - Obteniendo detalle de curso 16
2025-11-15 10:33:37 [http-nio-8081-exec-5] DEBUG c.t.service.impl.CatalogServiceImpl - Listando periodos para universidad 1
2025-11-15 10:39:28 [http-nio-8081-exec-1] DEBUG c.t.service.impl.CatalogServiceImpl - Listando periodos para universidad 1
2025-11-15 10:40:06 [http-nio-8081-exec-4] DEBUG c.t.service.impl.CatalogServiceImpl - Listando periodos para universidad 1
2025-11-15 10:42:55 [http-nio-8081-exec-5] DEBUG c.t.service.impl.CatalogServiceImpl - Obteniendo detalle de curso 6
2025-11-15 10:42:55 [http-nio-8081-exec-9] DEBUG c.t.service.impl.CatalogServiceImpl - Obteniendo detalle de curso 6
2025-11-15 10:46:49 [http-nio-8081-exec-5] DEBUG c.t.service.impl.CatalogServiceImpl - Obteniendo detalle de curso 6
2025-11-15 10:46:53 [http-nio-8081-exec-1] DEBUG c.t.service.impl.CatalogServiceImpl - Obteniendo detalle de curso 6
2025-11-15 10:47:12 [http-nio-8081-exec-10] DEBUG c.t.service.impl.CatalogServiceImpl - Obteniendo detalle de curso 6
2025-11-15 10:47:55 [http-nio-8081-exec-5] DEBUG c.t.service.impl.CatalogServiceImpl - Listando periodos para universidad 1
2025-11-15 10:48:21 [http-nio-8081-exec-8] DEBUG c.t.service.impl.CatalogServiceImpl - Obteniendo detalle de curso 6
2025-11-15 10:48:21 [http-nio-8081-exec-6] DEBUG c.t.service.impl.CatalogServiceImpl - Obteniendo detalle de curso 6
2025-11-15 10:48:54 [http-nio-8081-exec-9] DEBUG c.t.service.impl.CatalogServiceImpl - Listando periodos para universidad 1
2025-11-15 10:49:00 [http-nio-8081-exec-4] DEBUG c.t.service.impl.CatalogServiceImpl - Obteniendo detalle de curso 2
2025-11-15 10:49:00 [http-nio-8081-exec-8] DEBUG c.t.service.impl.CatalogServiceImpl - Obteniendo detalle de curso 2
2025-11-15 10:51:21 [http-nio-8081-exec-9] DEBUG c.t.service.impl.CatalogServiceImpl - Obteniendo detalle de curso 2
2025-11-15 10:51:25 [http-nio-8081-exec-8] DEBUG c.t.service.impl.CatalogServiceImpl - Obteniendo detalle de curso 2
2025-11-15 10:53:11 [http-nio-8081-exec-1] DEBUG c.t.service.impl.CatalogServiceImpl - Obteniendo detalle de curso 2
2025-11-15 10:53:24 [http-nio-8081-exec-3] DEBUG c.t.service.impl.CatalogServiceImpl - Listando periodos para universidad 1
2025-11-15 10:54:00 [http-nio-8081-exec-6] DEBUG c.t.service.impl.CatalogServiceImpl - Obteniendo detalle de curso 6
2025-11-15 10:54:00 [http-nio-8081-exec-4] DEBUG c.t.service.impl.CatalogServiceImpl - Obteniendo detalle de curso 6
2025-11-15 10:55:49 [http-nio-8081-exec-8] DEBUG c.t.service.impl.CatalogServiceImpl - Obteniendo detalle de curso 6
2025-11-15 10:59:42 [http-nio-8081-exec-4] DEBUG c.t.service.impl.CatalogServiceImpl - Obteniendo detalle de curso 6
2025-11-15 10:59:57 [http-nio-8081-exec-6] DEBUG c.t.service.impl.CatalogServiceImpl - Obteniendo detalle de curso 6
2025-11-15 11:03:14 [http-nio-8081-exec-6] DEBUG c.t.service.impl.CatalogServiceImpl - Obteniendo detalle de curso 6
2025-11-15 11:23:21 [http-nio-8081-exec-2] DEBUG c.t.service.impl.CatalogServiceImpl - Listando periodos para universidad 1
2025-11-15 11:23:29 [http-nio-8081-exec-8] DEBUG c.t.service.impl.CatalogServiceImpl - Obteniendo detalle de curso 2
2025-11-15 11:23:29 [http-nio-8081-exec-10] DEBUG c.t.service.impl.CatalogServiceImpl - Obteniendo detalle de curso 2
2025-11-15 11:25:37 [http-nio-8081-exec-5] DEBUG c.t.service.impl.CatalogServiceImpl - Obteniendo detalle de curso 2
2025-11-15 11:32:41 [http-nio-8081-exec-5] DEBUG c.t.service.impl.CatalogServiceImpl - Obteniendo detalle de curso 2
2025-11-15 11:34:04 [http-nio-8081-exec-2] DEBUG c.t.service.impl.CatalogServiceImpl - Obteniendo detalle de curso 2
2025-11-15 11:34:20 [http-nio-8081-exec-10] DEBUG c.t.service.impl.CatalogServiceImpl - Obteniendo detalle de curso 2
2025-11-15 11:39:33 [http-nio-8081-exec-4] DEBUG c.t.service.impl.CatalogServiceImpl - Obteniendo detalle de curso 2
2025-11-15 11:52:54 [http-nio-8081-exec-4] DEBUG c.t.service.impl.CatalogServiceImpl - Obteniendo detalle de curso 2
2025-11-15 13:52:16 [http-nio-8081-exec-7] DEBUG c.t.service.impl.CatalogServiceImpl - Listando periodos para universidad 1
2025-11-15 13:52:21 [http-nio-8081-exec-5] DEBUG c.t.service.impl.CatalogServiceImpl - Obteniendo detalle de curso 6
2025-11-15 13:52:21 [http-nio-8081-exec-9] DEBUG c.t.service.impl.CatalogServiceImpl - Obteniendo detalle de curso 6
2025-11-15 13:54:54 [http-nio-8081-exec-1] DEBUG c.t.service.impl.CatalogServiceImpl - Listando periodos para universidad 1
2025-11-15 13:56:14 [http-nio-8081-exec-4] DEBUG c.t.service.impl.CatalogServiceImpl - Listando periodos para universidad 1
2025-11-15 13:56:18 [http-nio-8081-exec-7] DEBUG c.t.service.impl.CatalogServiceImpl - Obteniendo detalle de curso 6
2025-11-15 13:56:18 [http-nio-8081-exec-1] DEBUG c.t.service.impl.CatalogServiceImpl - Obteniendo detalle de curso 6
2025-11-15 13:57:27 [http-nio-8081-exec-1] DEBUG c.t.service.impl.CatalogServiceImpl - Obteniendo detalle de curso 6
2025-11-15 13:58:38 [http-nio-8081-exec-6] DEBUG c.t.service.impl.CatalogServiceImpl - Obteniendo detalle de curso 6
2025-11-15 13:59:14 [http-nio-8081-exec-3] DEBUG c.t.service.impl.CatalogServiceImpl - Listando periodos para universidad 1
2025-11-15 22:01:35 [File Watcher] INFO  o.s.b.d.a.LocalDevToolsAutoConfiguration$RestartingClassPathChangeChangedEventListener - Restarting due to 1 class path change (0 additions, 0 deletions, 1 modification)
2025-11-15 22:01:35 [Thread-5] INFO  o.s.b.w.e.tomcat.GracefulShutdown - Commencing graceful shutdown. Waiting for active requests to complete
2025-11-15 22:01:35 [tomcat-shutdown] INFO  o.a.coyote.http11.Http11NioProtocol - Pausing ProtocolHandler ["http-nio-8081"]
2025-11-15 22:01:35 [tomcat-shutdown] INFO  o.s.b.w.e.tomcat.GracefulShutdown - Graceful shutdown complete
2025-11-15 22:01:35 [Thread-5] INFO  o.a.coyote.http11.Http11NioProtocol - Stopping ProtocolHandler ["http-nio-8081"]
2025-11-15 22:01:35 [Thread-5] INFO  o.s.o.j.LocalContainerEntityManagerFactoryBean - Closing JPA EntityManagerFactory for persistence unit 'default'
2025-11-15 22:01:35 [Thread-5] INFO  com.zaxxer.hikari.HikariDataSource - HikariPool-1 - Shutdown initiated...
2025-11-15 22:01:35 [Thread-5] INFO  com.zaxxer.hikari.HikariDataSource - HikariPool-1 - Shutdown completed.
2025-11-15 22:01:36 [restartedMain] INFO  c.trackademy.TrackademyApplication - Starting TrackademyApplication using Java 21.0.7 with PID 14176 (C:\Users\uu\Desktop\trackademy-project\trackademy-back\target\classes started by uu in C:\Users\uu\Desktop\trackademy-project\trackademy-back)
2025-11-15 22:01:36 [restartedMain] DEBUG c.trackademy.TrackademyApplication - Running with Spring Boot v3.5.6, Spring v6.2.11
2025-11-15 22:01:36 [restartedMain] INFO  c.trackademy.TrackademyApplication - No active profile set, falling back to 1 default profile: "default"
2025-11-15 22:01:37 [restartedMain] INFO  o.s.d.r.c.RepositoryConfigurationDelegate - Bootstrapping Spring Data JPA repositories in DEFAULT mode.
2025-11-15 22:01:37 [restartedMain] INFO  o.s.d.r.c.RepositoryConfigurationDelegate - Finished Spring Data repository scanning in 342 ms. Found 30 JPA repository interfaces.
2025-11-15 22:01:38 [restartedMain] INFO  o.s.b.w.e.tomcat.TomcatWebServer - Tomcat initialized with port 8081 (http)
2025-11-15 22:01:38 [restartedMain] INFO  o.a.coyote.http11.Http11NioProtocol - The ["http-nio-8081"] connector has been configured to support HTTP upgrade to [h2c]
2025-11-15 22:01:38 [restartedMain] INFO  o.a.coyote.http11.Http11NioProtocol - Initializing ProtocolHandler ["http-nio-8081"]
2025-11-15 22:01:38 [restartedMain] INFO  o.a.catalina.core.StandardService - Starting service [Tomcat]
2025-11-15 22:01:38 [restartedMain] INFO  o.a.catalina.core.StandardEngine - Starting Servlet engine: [Apache Tomcat/10.1.46]
2025-11-15 22:01:38 [restartedMain] INFO  o.a.c.c.C.[Tomcat].[localhost].[/] - Initializing Spring embedded WebApplicationContext
2025-11-15 22:01:38 [restartedMain] INFO  o.s.b.w.s.c.ServletWebServerApplicationContext - Root WebApplicationContext: initialization completed in 2053 ms
2025-11-15 22:01:38 [restartedMain] INFO  o.s.o.j.p.SpringPersistenceUnitInfo - No LoadTimeWeaver setup: ignoring JPA class transformer
2025-11-15 22:01:38 [restartedMain] INFO  com.zaxxer.hikari.HikariDataSource - HikariPool-2 - Starting...
2025-11-15 22:01:38 [restartedMain] INFO  com.zaxxer.hikari.pool.HikariPool - HikariPool-2 - Added connection org.postgresql.jdbc.PgConnection@3d36f246
2025-11-15 22:01:38 [restartedMain] INFO  com.zaxxer.hikari.HikariDataSource - HikariPool-2 - Start completed.
2025-11-15 22:01:38 [restartedMain] WARN  org.hibernate.orm.deprecation - HHH90000025: PostgreSQLDialect does not need to be specified explicitly using 'hibernate.dialect' (remove the property setting and it will be selected by default)
2025-11-15 22:01:47 [restartedMain] INFO  o.s.o.j.LocalContainerEntityManagerFactoryBean - Initialized JPA EntityManagerFactory for persistence unit 'default'
2025-11-15 22:01:49 [restartedMain] INFO  o.s.b.d.a.OptionalLiveReloadServer - LiveReload server is running on port 35729
2025-11-15 22:01:49 [restartedMain] INFO  o.a.coyote.http11.Http11NioProtocol - Starting ProtocolHandler ["http-nio-8081"]
2025-11-15 22:01:49 [restartedMain] INFO  o.s.b.w.e.tomcat.TomcatWebServer - Tomcat started on port 8081 (http) with context path '/'
2025-11-15 22:01:49 [restartedMain] INFO  c.trackademy.TrackademyApplication - Started TrackademyApplication in 13.531 seconds (process running for 47160.792)
2025-11-15 22:01:49 [restartedMain] INFO  o.s.b.d.a.ConditionEvaluationDeltaLoggingListener - Condition evaluation unchanged
2025-11-15 22:10:07 [http-nio-8081-exec-3] INFO  o.a.c.c.C.[Tomcat].[localhost].[/] - Initializing Spring DispatcherServlet 'dispatcherServlet'
2025-11-15 22:10:07 [http-nio-8081-exec-3] INFO  o.s.web.servlet.DispatcherServlet - Initializing Servlet 'dispatcherServlet'
2025-11-15 22:10:07 [http-nio-8081-exec-3] INFO  o.s.web.servlet.DispatcherServlet - Completed initialization in 3 ms
2025-11-15 22:10:36 [http-nio-8081-exec-6] DEBUG c.t.service.impl.CatalogServiceImpl - Listando periodos para universidad 1
