2025-11-28 17:26:26 [main] INFO  o.s.t.c.s.AnnotationConfigContextLoaderUtils - Could not detect default configuration classes for test class [com.trackademy.web.MeFeaturesControllerTest]: MeFeaturesControllerTest does not declare any static, non-private, non-final, nested classes annotated with @Configuration.
2025-11-28 17:26:27 [main] INFO  o.s.b.t.c.SpringBootTestContextBootstrapper - Found @SpringBootConfiguration com.trackademy.TrackademyApplication for test class com.trackademy.web.MeFeaturesControllerTest
2025-11-28 17:26:28 [main] INFO  o.s.b.d.r.RestartApplicationListener - Restart disabled due to context in which it is running
2025-11-28 17:26:30 [main] INFO  c.t.web.MeFeaturesControllerTest - Starting MeFeaturesControllerTest using Java 21.0.7 with PID 7736 (started by uu in C:\Users\uu\Desktop\trackademy-project\trackademy-back)
2025-11-28 17:26:30 [main] DEBUG c.t.web.MeFeaturesControllerTest - Running with Spring Boot v3.5.6, Spring v6.2.11
2025-11-28 17:26:30 [main] INFO  c.t.web.MeFeaturesControllerTest - No active profile set, falling back to 1 default profile: "default"
2025-11-28 17:26:45 [main] INFO  o.s.b.t.m.w.SpringBootMockServletContext - Initializing Spring TestDispatcherServlet ''
2025-11-28 17:26:45 [main] INFO  o.s.t.w.s.TestDispatcherServlet - Initializing Servlet ''
2025-11-28 17:26:45 [main] INFO  o.s.t.w.s.TestDispatcherServlet - Completed initialization in 20 ms
2025-11-28 17:26:45 [main] INFO  c.t.web.MeFeaturesControllerTest - Started MeFeaturesControllerTest in 17.768 seconds (process running for 24.066)
2025-11-28 17:36:44 [main] INFO  o.s.t.c.s.AnnotationConfigContextLoaderUtils - Could not detect default configuration classes for test class [com.trackademy.web.OnboardingControllerTest]: OnboardingControllerTest does not declare any static, non-private, non-final, nested classes annotated with @Configuration.
2025-11-28 17:36:45 [main] INFO  o.s.b.t.c.SpringBootTestContextBootstrapper - Found @SpringBootConfiguration com.trackademy.TrackademyApplication for test class com.trackademy.web.OnboardingControllerTest
2025-11-28 17:36:45 [main] INFO  o.s.b.d.r.RestartApplicationListener - Restart disabled due to context in which it is running
2025-11-28 17:36:47 [main] INFO  c.t.web.OnboardingControllerTest - Starting OnboardingControllerTest using Java 21.0.7 with PID 23740 (started by uu in C:\Users\uu\Desktop\trackademy-project\trackademy-back)
2025-11-28 17:36:47 [main] DEBUG c.t.web.OnboardingControllerTest - Running with Spring Boot v3.5.6, Spring v6.2.11
2025-11-28 17:36:47 [main] INFO  c.t.web.OnboardingControllerTest - No active profile set, falling back to 1 default profile: "default"
2025-11-28 17:37:01 [main] INFO  o.s.b.t.m.w.SpringBootMockServletContext - Initializing Spring TestDispatcherServlet ''
2025-11-28 17:37:01 [main] INFO  o.s.t.w.s.TestDispatcherServlet - Initializing Servlet ''
2025-11-28 17:37:01 [main] INFO  o.s.t.w.s.TestDispatcherServlet - Completed initialization in 11 ms
2025-11-28 17:37:01 [main] INFO  c.t.web.OnboardingControllerTest - Started OnboardingControllerTest in 15.582 seconds (process running for 18.853)
2025-11-28 20:37:54 [main] INFO  o.s.t.c.s.AnnotationConfigContextLoaderUtils - Could not detect default configuration classes for test class [com.trackademy.web.integration.CatalogControllerIT]: CatalogControllerIT does not declare any static, non-private, non-final, nested classes annotated with @Configuration.
2025-11-28 20:37:55 [main] INFO  o.s.b.t.c.SpringBootTestContextBootstrapper - Found @SpringBootConfiguration com.trackademy.TrackademyApplication for test class com.trackademy.web.integration.CatalogControllerIT
2025-11-28 20:37:55 [main] INFO  o.s.b.d.r.RestartApplicationListener - Restart disabled due to context in which it is running
2025-11-28 20:37:56 [main] INFO  c.t.w.i.CatalogControllerIT - Starting CatalogControllerIT using Java 21.0.7 with PID 14452 (started by uu in C:\Users\uu\Desktop\trackademy-project\trackademy-back)
2025-11-28 20:37:56 [main] DEBUG c.t.w.i.CatalogControllerIT - Running with Spring Boot v3.5.6, Spring v6.2.11
2025-11-28 20:37:56 [main] INFO  c.t.w.i.CatalogControllerIT - No active profile set, falling back to 1 default profile: "default"
2025-11-28 20:38:01 [main] INFO  o.s.d.r.c.RepositoryConfigurationDelegate - Bootstrapping Spring Data JPA repositories in DEFAULT mode.
2025-11-28 20:38:02 [main] INFO  o.s.d.r.c.RepositoryConfigurationDelegate - Finished Spring Data repository scanning in 771 ms. Found 30 JPA repository interfaces.
2025-11-28 20:38:11 [main] INFO  o.s.o.j.p.SpringPersistenceUnitInfo - No LoadTimeWeaver setup: ignoring JPA class transformer
2025-11-28 20:38:11 [main] INFO  com.zaxxer.hikari.HikariDataSource - HikariPool-1 - Starting...
2025-11-28 20:38:12 [main] INFO  com.zaxxer.hikari.pool.HikariPool - HikariPool-1 - Added connection org.postgresql.jdbc.PgConnection@5870fc05
2025-11-28 20:38:12 [main] INFO  com.zaxxer.hikari.HikariDataSource - HikariPool-1 - Start completed.
2025-11-28 20:38:12 [main] WARN  org.hibernate.orm.deprecation - HHH90000025: PostgreSQLDialect does not need to be specified explicitly using 'hibernate.dialect' (remove the property setting and it will be selected by default)
2025-11-28 20:38:27 [main] INFO  o.s.o.j.LocalContainerEntityManagerFactoryBean - Initialized JPA EntityManagerFactory for persistence unit 'default'
2025-11-28 20:38:29 [main] INFO  o.s.d.j.r.query.QueryEnhancerFactory - Hibernate is in classpath; If applicable, HQL parser will be used.
2025-11-28 20:38:34 [main] INFO  o.s.b.a.e.web.EndpointLinksResolver - Exposing 1 endpoint beneath base path '/actuator'
2025-11-28 20:38:37 [main] INFO  o.s.b.t.m.w.SpringBootMockServletContext - Initializing Spring TestDispatcherServlet ''
2025-11-28 20:38:37 [main] INFO  o.s.t.w.s.TestDispatcherServlet - Initializing Servlet ''
2025-11-28 20:38:37 [main] INFO  o.s.t.w.s.TestDispatcherServlet - Completed initialization in 4 ms
2025-11-28 20:38:37 [main] INFO  c.t.w.i.CatalogControllerIT - Started CatalogControllerIT in 42.084 seconds (process running for 45.592)
2025-11-28 20:38:39 [SpringApplicationShutdownHook] INFO  o.s.o.j.LocalContainerEntityManagerFactoryBean - Closing JPA EntityManagerFactory for persistence unit 'default'
2025-11-28 20:38:39 [SpringApplicationShutdownHook] INFO  com.zaxxer.hikari.HikariDataSource - HikariPool-1 - Shutdown initiated...
2025-11-28 20:38:39 [SpringApplicationShutdownHook] INFO  com.zaxxer.hikari.HikariDataSource - HikariPool-1 - Shutdown completed.
